<?xml version="1.0" encoding="UTF-8"?>
<!-- Generated by org.testng.reporters.JUnitXMLReporter -->
<testsuite hostname="LAPTOP-KO317EUS" ignored="0" name="Test1" tests="13" failures="0" timestamp="2020-04-11T18:54:20 PDT" time="47.933" errors="0">
  <testcase name="dropmenubuttonTest" time="1.33" classname="pages.Shotest"/>
  <testcase name="itemsearchTest" time="0.055" classname="pages.Shotest"/>
  <testcase name="searchbuttonTest" time="1.578" classname="pages.Shotest"/>
  <testcase name="shoppingselectTest" time="5.05" classname="pages.Shotest"/>
  <testcase name="dropTest" time="1.966" classname="pages.Mtest"/>
  <testcase name="textboxTest" time="0.094" classname="pages.Mtest"/>
  <testcase name="mapssearchTest" time="0.558" classname="pages.Mtest"/>
  <testcase name="mapsTest" time="0.505" classname="pages.Mtest"/>
  <testcase name="dropmenueTest" time="0.857" classname="pages.Ntest"/>
  <testcase name="sportTest" time="0.1" classname="pages.Ntest"/>
  <testcase name="nflTest" time="4.646" classname="pages.Ntest"/>
  <testcase name="textTest" time="0.073" classname="pages.Ntest"/>
  <testcase name="homeTest" time="0.16" classname="pages.Ntest"/>
</testsuite> <!-- Test1 -->
