<?xml version="1.0" encoding="UTF-8"?>
<!-- Generated by org.testng.reporters.JUnitXMLReporter -->
<testsuite hostname="LAPTOP-KO317EUS" ignored="0" name="Test1" tests="5" failures="0" timestamp="2020-04-11T22:08:08 PDT" time="15.951" errors="0">
  <testcase name="dropmenueTest" time="0.927" classname="pages.Ntest"/>
  <testcase name="sportTest" time="0.121" classname="pages.Ntest"/>
  <testcase name="nflTest" time="4.62" classname="pages.Ntest"/>
  <testcase name="textTest" time="0.073" classname="pages.Ntest"/>
  <testcase name="homeTest" time="0.001" classname="pages.Ntest"/>
</testsuite> <!-- Test1 -->
