<?xml version="1.0" encoding="UTF-8"?>
<!-- Generated by org.testng.reporters.JUnitXMLReporter -->
<testsuite hostname="LAPTOP-KO317EUS" ignored="0" name="Test1" tests="13" failures="0" timestamp="2020-04-11T22:11:40 PDT" time="39.019" errors="0">
  <testcase name="dropmenubuttonTest" time="0.448" classname="pages.Shotest"/>
  <testcase name="itemsearchTest" time="0.058" classname="pages.Shotest"/>
  <testcase name="searchbuttonTest" time="0.943" classname="pages.Shotest"/>
  <testcase name="shoppingselectTest" time="0.24" classname="pages.Shotest"/>
  <testcase name="dropTest" time="1.802" classname="pages.Mtest"/>
  <testcase name="textboxTest" time="0.117" classname="pages.Mtest"/>
  <testcase name="mapssearchTest" time="0.537" classname="pages.Mtest"/>
  <testcase name="mapsTest" time="0.283" classname="pages.Mtest"/>
  <testcase name="dropmenueTest" time="0.84" classname="pages.Ntest"/>
  <testcase name="sportTest" time="0.117" classname="pages.Ntest"/>
  <testcase name="nflTest" time="4.468" classname="pages.Ntest"/>
  <testcase name="textTest" time="0.082" classname="pages.Ntest"/>
  <testcase name="homeTest" time="0.0" classname="pages.Ntest"/>
</testsuite> <!-- Test1 -->
