<?xml version="1.0" encoding="UTF-8"?>
<!-- Generated by org.testng.reporters.JUnitXMLReporter -->
<testsuite hostname="LAPTOP-KO317EUS" ignored="0" name="Test1" tests="13" failures="0" timestamp="2020-04-11T18:46:47 PDT" time="42.773" errors="0">
  <testcase name="dropmenubuttonTest" time="0.762" classname="pages.Shotest"/>
  <testcase name="itemsearchTest" time="0.059" classname="pages.Shotest"/>
  <testcase name="searchbuttonTest" time="1.372" classname="pages.Shotest"/>
  <testcase name="shoppingselectTest" time="0.228" classname="pages.Shotest"/>
  <testcase name="dropTest" time="1.768" classname="pages.Mtest"/>
  <testcase name="textboxTest" time="0.153" classname="pages.Mtest"/>
  <testcase name="mapssearchTest" time="0.813" classname="pages.Mtest"/>
  <testcase name="mapsTest" time="0.525" classname="pages.Mtest"/>
  <testcase name="dropmenueTest" time="0.934" classname="pages.Ntest"/>
  <testcase name="sportTest" time="0.102" classname="pages.Ntest"/>
  <testcase name="nflTest" time="4.463" classname="pages.Ntest"/>
  <testcase name="textTest" time="0.072" classname="pages.Ntest"/>
  <testcase name="homeTest" time="0.206" classname="pages.Ntest"/>
</testsuite> <!-- Test1 -->
