<?xml version="1.0" encoding="UTF-8"?>
<testng-results skipped="0" failed="0" ignored="0" total="13" passed="13">
  <reporter-output>
  </reporter-output>
  <suite name="Suite" duration-ms="39019" started-at="2020-04-11T22:11:01 PDT" finished-at="2020-04-11T22:11:40 PDT">
    <groups>
    </groups>
    <test name="Test1" duration-ms="39019" started-at="2020-04-11T22:11:01 PDT" finished-at="2020-04-11T22:11:40 PDT">
      <class name="pages.Shotest">
        <test-method status="PASS" signature="startssss(java.lang.String)[pri:0, instance:pages.Shotest@10bbd20a]" name="startssss" is-config="true" duration-ms="10011" started-at="2020-04-11T22:11:01 PDT" finished-at="2020-04-11T22:11:11 PDT">
          <params>
            <param index="0">
              <value>
                <![CDATA[chrome]]>
              </value>
            </param>
          </params>
          <reporter-output>
          </reporter-output>
        </test-method> <!-- startssss -->
        <test-method status="PASS" signature="dropmenubuttonTest()[pri:0, instance:pages.Shotest@10bbd20a]" name="dropmenubuttonTest" duration-ms="448" started-at="2020-04-11T22:11:11 PDT" finished-at="2020-04-11T22:11:11 PDT">
          <reporter-output>
          </reporter-output>
        </test-method> <!-- dropmenubuttonTest -->
        <test-method status="PASS" signature="itemsearchTest()[pri:1, instance:pages.Shotest@10bbd20a]" name="itemsearchTest" duration-ms="58" started-at="2020-04-11T22:11:11 PDT" finished-at="2020-04-11T22:11:11 PDT">
          <reporter-output>
          </reporter-output>
        </test-method> <!-- itemsearchTest -->
        <test-method status="PASS" signature="searchbuttonTest()[pri:2, instance:pages.Shotest@10bbd20a]" name="searchbuttonTest" duration-ms="943" started-at="2020-04-11T22:11:11 PDT" finished-at="2020-04-11T22:11:12 PDT">
          <reporter-output>
          </reporter-output>
        </test-method> <!-- searchbuttonTest -->
        <test-method status="PASS" signature="shoppingselectTest()[pri:3, instance:pages.Shotest@10bbd20a]" name="shoppingselectTest" duration-ms="240" started-at="2020-04-11T22:11:12 PDT" finished-at="2020-04-11T22:11:12 PDT">
          <reporter-output>
          </reporter-output>
        </test-method> <!-- shoppingselectTest -->
        <test-method status="PASS" signature="last()[pri:0, instance:pages.Shotest@10bbd20a]" name="last" is-config="true" duration-ms="1" started-at="2020-04-11T22:11:12 PDT" finished-at="2020-04-11T22:11:12 PDT">
          <reporter-output>
          </reporter-output>
        </test-method> <!-- last -->
      </class> <!-- pages.Shotest -->
      <class name="pages.Mtest">
        <test-method status="PASS" signature="startssss(java.lang.String)[pri:0, instance:pages.Mtest@48503868]" name="startssss" is-config="true" duration-ms="9582" started-at="2020-04-11T22:11:12 PDT" finished-at="2020-04-11T22:11:22 PDT">
          <params>
            <param index="0">
              <value>
                <![CDATA[chrome]]>
              </value>
            </param>
          </params>
          <reporter-output>
          </reporter-output>
        </test-method> <!-- startssss -->
        <test-method status="PASS" signature="dropTest()[pri:0, instance:pages.Mtest@48503868]" name="dropTest" duration-ms="1802" started-at="2020-04-11T22:11:22 PDT" finished-at="2020-04-11T22:11:24 PDT">
          <reporter-output>
          </reporter-output>
        </test-method> <!-- dropTest -->
        <test-method status="PASS" signature="textboxTest()[pri:2, instance:pages.Mtest@48503868]" name="textboxTest" duration-ms="117" started-at="2020-04-11T22:11:24 PDT" finished-at="2020-04-11T22:11:24 PDT">
          <reporter-output>
          </reporter-output>
        </test-method> <!-- textboxTest -->
        <test-method status="PASS" signature="mapssearchTest()[pri:3, instance:pages.Mtest@48503868]" name="mapssearchTest" duration-ms="537" started-at="2020-04-11T22:11:24 PDT" finished-at="2020-04-11T22:11:24 PDT">
          <reporter-output>
          </reporter-output>
        </test-method> <!-- mapssearchTest -->
        <test-method status="PASS" signature="mapsTest()[pri:4, instance:pages.Mtest@48503868]" name="mapsTest" duration-ms="283" started-at="2020-04-11T22:11:24 PDT" finished-at="2020-04-11T22:11:25 PDT">
          <reporter-output>
          </reporter-output>
        </test-method> <!-- mapsTest -->
        <test-method status="PASS" signature="last()[pri:0, instance:pages.Mtest@48503868]" name="last" is-config="true" duration-ms="1" started-at="2020-04-11T22:11:25 PDT" finished-at="2020-04-11T22:11:25 PDT">
          <reporter-output>
          </reporter-output>
        </test-method> <!-- last -->
      </class> <!-- pages.Mtest -->
      <class name="pages.Ntest">
        <test-method status="PASS" signature="startssss(java.lang.String)[pri:0, instance:pages.Ntest@6895a785]" name="startssss" is-config="true" duration-ms="9452" started-at="2020-04-11T22:11:25 PDT" finished-at="2020-04-11T22:11:34 PDT">
          <params>
            <param index="0">
              <value>
                <![CDATA[chrome]]>
              </value>
            </param>
          </params>
          <reporter-output>
          </reporter-output>
        </test-method> <!-- startssss -->
        <test-method status="PASS" signature="dropmenueTest()[pri:1, instance:pages.Ntest@6895a785]" name="dropmenueTest" duration-ms="840" started-at="2020-04-11T22:11:34 PDT" finished-at="2020-04-11T22:11:35 PDT">
          <reporter-output>
          </reporter-output>
        </test-method> <!-- dropmenueTest -->
        <test-method status="PASS" signature="sportTest()[pri:2, instance:pages.Ntest@6895a785]" name="sportTest" duration-ms="117" started-at="2020-04-11T22:11:35 PDT" finished-at="2020-04-11T22:11:35 PDT">
          <reporter-output>
          </reporter-output>
        </test-method> <!-- sportTest -->
        <test-method status="PASS" signature="nflTest()[pri:3, instance:pages.Ntest@6895a785]" name="nflTest" duration-ms="4468" started-at="2020-04-11T22:11:35 PDT" finished-at="2020-04-11T22:11:40 PDT">
          <reporter-output>
          </reporter-output>
        </test-method> <!-- nflTest -->
        <test-method status="PASS" signature="textTest()[pri:4, instance:pages.Ntest@6895a785]" name="textTest" duration-ms="82" started-at="2020-04-11T22:11:40 PDT" finished-at="2020-04-11T22:11:40 PDT">
          <reporter-output>
          </reporter-output>
        </test-method> <!-- textTest -->
        <test-method status="PASS" signature="homeTest()[pri:5, instance:pages.Ntest@6895a785]" name="homeTest" duration-ms="0" started-at="2020-04-11T22:11:40 PDT" finished-at="2020-04-11T22:11:40 PDT">
          <reporter-output>
          </reporter-output>
        </test-method> <!-- homeTest -->
        <test-method status="PASS" signature="last()[pri:0, instance:pages.Ntest@6895a785]" name="last" is-config="true" duration-ms="0" started-at="2020-04-11T22:11:40 PDT" finished-at="2020-04-11T22:11:40 PDT">
          <reporter-output>
          </reporter-output>
        </test-method> <!-- last -->
      </class> <!-- pages.Ntest -->
    </test> <!-- Test1 -->
  </suite> <!-- Suite -->
</testng-results>
